\BOOKMARK [1][-]{section.1}{\376\377\000I\000n\000t\000r\000o\000d\000u\000\347\000\343\000o}{}% 1
\BOOKMARK [2][-]{subsection.1.1}{\376\377\000O\000b\000j\000e\000t\000i\000v\000o}{section.1}% 2
\BOOKMARK [2][-]{subsection.1.2}{\376\377\000O\000b\000j\000e\000t\000i\000v\000o}{section.1}% 3
\BOOKMARK [1][-]{section.2}{\376\377\000S\000o\000l\000u\000\347\000\365\000e\000s\000\040\000C\000o\000r\000r\000e\000l\000a\000t\000a\000s}{}% 4
\BOOKMARK [2][-]{subsection.2.1}{\376\377\000L\000a\000s\000t\000P\000a\000s\000s}{section.2}% 5
\BOOKMARK [2][-]{subsection.2.2}{\376\377\0001\000P\000a\000s\000s\000w\000o\000r\000d}{section.2}% 6
\BOOKMARK [2][-]{subsection.2.3}{\376\377\000G\000o\000o\000g\000l\000e\000\040\000S\000e\000n\000h\000a\000s}{section.2}% 7
\BOOKMARK [1][-]{section.3}{\376\377\000M\000e\000t\000o\000d\000o\000l\000o\000g\000i\000a}{}% 8
\BOOKMARK [2][-]{subsection.3.1}{\376\377\000F\000a\000s\000e\000\040\0001\000:\000\040\000P\000e\000s\000q\000u\000i\000s\000a\000\040\000e\000\040\000L\000e\000v\000a\000n\000t\000a\000m\000e\000n\000t\000o\000\040\000d\000e\000\040\000R\000e\000q\000u\000i\000s\000i\000t\000o\000s}{section.3}% 9
\BOOKMARK [2][-]{subsection.3.2}{\376\377\000F\000a\000s\000e\000\040\0002\000:\000\040\000M\000o\000d\000e\000l\000a\000g\000e\000m\000\040\000e\000\040\000D\000e\000s\000i\000g\000n\000\040\000d\000o\000\040\000S\000i\000s\000t\000e\000m\000a}{section.3}% 10
\BOOKMARK [1][-]{section.4}{\376\377\000R\000e\000s\000u\000l\000t\000a\000d\000o\000s}{}% 11
\BOOKMARK [2][-]{subsection.4.1}{\376\377\000R\000e\000q\000u\000i\000s\000i\000t\000o\000s\000\040\000F\000u\000n\000c\000i\000o\000n\000a\000i\000s\000\040\000\050\000R\000F\000\051}{section.4}% 12
\BOOKMARK [2][-]{subsection.4.2}{\376\377\000R\000e\000q\000u\000i\000s\000i\000t\000o\000s\000\040\000n\000\343\000o\000\040\000F\000u\000n\000c\000i\000o\000n\000a\000i\000s\000\040\000\050\000R\000N\000F\000\051}{section.4}% 13
\BOOKMARK [2][-]{subsection.4.3}{\376\377\000D\000i\000a\000g\000r\000a\000m\000a\000\040\000d\000e\000\040\000c\000a\000s\000o\000s\000\040\000d\000e\000\040\000u\000s\000o}{section.4}% 14
\BOOKMARK [3][-]{subsubsection.4.3.1}{\376\377\000U\000s\000u\000\341\000r\000i\000o}{subsection.4.3}% 15
\BOOKMARK [3][-]{subsubsection.4.3.2}{\376\377\000A\000d\000m\000i\000n\000i\000s\000t\000r\000a\000d\000o\000r}{subsection.4.3}% 16
\BOOKMARK [2][-]{subsection.4.4}{\376\377\000E\000s\000t\000r\000a\000t\000\351\000g\000i\000a\000s\000\040\000d\000e\000\040\000s\000e\000g\000u\000r\000a\000n\000\347\000a}{section.4}% 17
\BOOKMARK [2][-]{subsection.4.5}{\376\377\000M\000i\000m\000i\000s\000s\000i\000s\000m\000o}{section.4}% 18
\BOOKMARK [2][-]{subsection.4.6}{\376\377\000C\000r\000i\000p\000t\000o\000g\000r\000a\000f\000i\000a\000\040\000d\000a\000\040\000S\000e\000n\000h\000a\000-\000M\000e\000s\000t\000r\000a\000\040\000\050\000o\000n\000e\000-\000w\000a\000y\000\051\000:}{section.4}% 19
\BOOKMARK [2][-]{subsection.4.7}{\376\377\000C\000r\000i\000p\000t\000o\000g\000r\000a\000f\000i\000a\000\040\000d\000o\000\040\000C\000o\000f\000r\000e\000\040\000\050\000b\000o\000t\000h\000-\000w\000a\000y\000s\000\051\000:}{section.4}% 20
\BOOKMARK [2][-]{subsection.4.8}{\376\377\000T\000e\000c\000n\000o\000l\000o\000g\000i\000a\000s}{section.4}% 21
\BOOKMARK [3][-]{subsubsection.4.8.1}{\376\377\000P\000y\000t\000h\000o\000n}{subsection.4.8}% 22
\BOOKMARK [3][-]{subsubsection.4.8.2}{\376\377\000F\000l\000a\000s\000k}{subsection.4.8}% 23
\BOOKMARK [3][-]{subsubsection.4.8.3}{\376\377\000S\000Q\000L\000A\000l\000c\000h\000e\000m\000y}{subsection.4.8}% 24
\BOOKMARK [3][-]{subsubsection.4.8.4}{\376\377\000P\000o\000s\000t\000g\000r\000e\000S\000Q\000L}{subsection.4.8}% 25
\BOOKMARK [2][-]{subsection.4.9}{\376\377\000D\000i\000a\000g\000r\000a\000m\000a\000\040\000d\000e\000\040\000c\000l\000a\000s\000s\000e\000s}{section.4}% 26
\BOOKMARK [3][-]{subsubsection.4.9.1}{\376\377\000C\000l\000a\000s\000s\000e\000\040\000U\000s\000e\000r}{subsection.4.9}% 27
\BOOKMARK [3][-]{subsubsection.4.9.2}{\376\377\000C\000l\000a\000s\000s\000e\000\040\000P\000a\000s\000s\000w\000o\000r\000d}{subsection.4.9}% 28
\BOOKMARK [3][-]{subsubsection.4.9.3}{\376\377\000C\000l\000a\000s\000s\000e\000\040\000F\000i\000l\000t\000e\000r}{subsection.4.9}% 29
\BOOKMARK [3][-]{subsubsection.4.9.4}{\376\377\000C\000l\000a\000s\000s\000e\000\040\000D\000a\000t\000a\000b\000a\000s\000e}{subsection.4.9}% 30
\BOOKMARK [3][-]{subsubsection.4.9.5}{\376\377\000C\000l\000a\000s\000s\000e\000\040\000C\000o\000n\000f\000i\000g}{subsection.4.9}% 31
\BOOKMARK [3][-]{subsubsection.4.9.6}{\376\377\000C\000l\000a\000s\000s\000e\000\040\000F\000i\000e\000l\000d}{subsection.4.9}% 32
\BOOKMARK [3][-]{subsubsection.4.9.7}{\376\377\000C\000l\000a\000s\000s\000e\000\040\000G\000e\000n\000F\000o\000r\000m}{subsection.4.9}% 33
\BOOKMARK [3][-]{subsubsection.4.9.8}{\376\377\000C\000l\000a\000s\000s\000e\000\040\000N\000o\000t\000i\000f\000i\000c\000a\000t\000i\000o\000n\000M\000a\000n\000a\000g\000e\000r}{subsection.4.9}% 34
\BOOKMARK [3][-]{subsubsection.4.9.9}{\376\377\000C\000l\000a\000s\000s\000e\000\040\000S\000S\000E\000C\000o\000n\000n\000e\000c\000t\000i\000o\000n}{subsection.4.9}% 35
\BOOKMARK [2][-]{subsection.4.10}{\376\377\000D\000i\000a\000g\000r\000a\000m\000a\000\040\000e\000n\000t\000i\000d\000a\000d\000e\000-\000r\000e\000l\000a\000c\000i\000o\000n\000a\000m\000e\000n\000t\000o\000\040\000\050\000D\000E\000R\000\051}{section.4}% 36
\BOOKMARK [3][-]{subsubsection.4.10.1}{\376\377\000U\000s\000e\000r}{subsection.4.10}% 37
\BOOKMARK [3][-]{subsubsection.4.10.2}{\376\377\000P\000a\000s\000s\000w\000o\000r\000d}{subsection.4.10}% 38
\BOOKMARK [3][-]{subsubsection.4.10.3}{\376\377\000F\000i\000l\000t\000e\000r\000s}{subsection.4.10}% 39
\BOOKMARK [3][-]{subsubsection.4.10.4}{\376\377\000L\000o\000g\000s}{subsection.4.10}% 40
\BOOKMARK [1][-]{section.5}{\376\377\000P\000r\000o\000t\000\363\000t\000i\000p\000o\000s\000\040\000d\000e\000\040\000t\000e\000l\000a}{}% 41
\BOOKMARK [2][-]{subsection.5.1}{\376\377\000W\000e\000b\000s\000e\000r\000v\000i\000c\000e}{section.5}% 42
\BOOKMARK [3][-]{subsubsection.5.1.1}{\376\377\000T\000e\000l\000a\000\040\000d\000e\000\040\000l\000o\000g\000i\000n}{subsection.5.1}% 43
\BOOKMARK [3][-]{subsubsection.5.1.2}{\376\377\000T\000e\000l\000a\000\040\000d\000e\000\040\000C\000a\000d\000a\000s\000t\000r\000o}{subsection.5.1}% 44
\BOOKMARK [3][-]{subsubsection.5.1.3}{\376\377\000T\000e\000l\000a\000\040\000d\000e\000\040\000r\000e\000c\000u\000p\000e\000r\000a\000\347\000\343\000o\000\040\000d\000e\000\040\000s\000e\000n\000h\000a\000.}{subsection.5.1}% 45
\BOOKMARK [3][-]{subsubsection.5.1.4}{\376\377\000T\000e\000l\000a\000\040\000d\000o\000\040\000D\000a\000s\000h\000b\000o\000a\000r\000d\000.}{subsection.5.1}% 46
\BOOKMARK [3][-]{subsubsection.5.1.5}{\376\377\000T\000e\000l\000a\000\040\000d\000e\000\040\000a\000d\000i\000\347\000\343\000o\000\040\000d\000e\000\040\000c\000r\000e\000d\000e\000n\000c\000i\000a\000l\000.}{subsection.5.1}% 47
\BOOKMARK [3][-]{subsubsection.5.1.6}{\376\377\000T\000e\000l\000a\000\040\000d\000e\000\040\000g\000e\000r\000e\000n\000c\000i\000a\000m\000e\000n\000t\000o\000\040\000d\000e\000\040\000f\000i\000l\000t\000r\000o\000s\000.}{subsection.5.1}% 48
\BOOKMARK [3][-]{subsubsection.5.1.7}{\376\377\000T\000e\000l\000a\000\040\000d\000e\000\040\000r\000e\000g\000i\000s\000t\000r\000o\000s\000\040\000d\000e\000\040\000c\000r\000e\000d\000e\000n\000c\000i\000a\000l\000.}{subsection.5.1}% 49
\BOOKMARK [3][-]{subsubsection.5.1.8}{\376\377\000T\000e\000l\000a\000\040\000d\000e\000\040\000p\000e\000r\000f\000i\000l\000.}{subsection.5.1}% 50
\BOOKMARK [3][-]{subsubsection.5.1.9}{\376\377\000T\000e\000l\000a\000\040\000d\000e\000\040\000e\000x\000c\000l\000u\000s\000\343\000o\000\040\000d\000e\000\040\000c\000r\000e\000d\000e\000n\000c\000i\000a\000l\000.}{subsection.5.1}% 51
\BOOKMARK [3][-]{subsubsection.5.1.10}{\376\377\000T\000e\000l\000a\000\040\000d\000e\000\040\000v\000i\000s\000u\000a\000l\000i\000z\000a\000\347\000\343\000o\000\040\000d\000a\000s\000\040\000c\000r\000e\000d\000e\000n\000c\000i\000a\000l\000.}{subsection.5.1}% 52
\BOOKMARK [2][-]{subsection.5.2}{\376\377\000E\000x\000t\000e\000n\000s\000\343\000o}{section.5}% 53
\BOOKMARK [3][-]{subsubsection.5.2.1}{\376\377\000P\000o\000p\000u\000p\000\040\000d\000e\000\040\000l\000o\000g\000i\000n}{subsection.5.2}% 54
\BOOKMARK [3][-]{subsubsection.5.2.2}{\376\377\000P\000o\000p\000u\000p\000\040\000d\000a\000\040\000t\000e\000l\000a\000\040\000i\000n\000i\000c\000i\000a\000l}{subsection.5.2}% 55
\BOOKMARK [3][-]{subsubsection.5.2.3}{\376\377\000P\000o\000p\000u\000p\000\040\000d\000e\000\040\000c\000o\000n\000f\000i\000g\000u\000r\000a\000\347\000\365\000e\000s}{subsection.5.2}% 56
\BOOKMARK [3][-]{subsubsection.5.2.4}{\376\377\000P\000o\000p\000u\000p\000\040\000d\000e\000\040\000c\000o\000n\000t\000a}{subsection.5.2}% 57
\BOOKMARK [1][-]{section.6}{\376\377\000C\000o\000n\000c\000l\000u\000s\000\365\000e\000s}{}% 58
\BOOKMARK [1][-]{section.7}{\376\377\000R\000e\000f\000e\000r\000\352\000n\000c\000i\000a\000s}{}% 59
